<?xml version="1.0" encoding="UTF-8"?>
<!-- Generated by org.testng.reporters.JUnitReportReporter -->
<testsuite skipped="0" hostname="DESKTOP-Q69Q77V" name="SDET.Maven_appiumProject.gKeep_reminder" tests="1" failures="0" timestamp="2020-10-11T22:24:04 IST" time="24.208" errors="0">
  <testcase name="newNote" time="24.208" classname="SDET.Maven_appiumProject.gKeep_reminder"/>
</testsuite> <!-- SDET.Maven_appiumProject.gKeep_reminder -->
