<?xml version="1.0" encoding="UTF-8"?>
<!-- Generated by org.testng.reporters.JUnitReportReporter -->
<testsuite skipped="0" hostname="DESKTOP-Q69Q77V" name="SDET.Maven_appiumProject.CalculatorTest" tests="1" failures="0" timestamp="2020-10-06T10:33:08 IST" time="5.759" errors="0">
  <testcase name="multiply" time="5.759" classname="SDET.Maven_appiumProject.CalculatorTest"/>
</testsuite> <!-- SDET.Maven_appiumProject.CalculatorTest -->
