<?xml version="1.0" encoding="UTF-8"?>
<!-- Generated by org.testng.reporters.JUnitReportReporter -->
<testsuite skipped="0" hostname="DESKTOP-Q69Q77V" name="SDET.Maven_appiumProject.gTask" tests="1" failures="0" timestamp="2020-10-07T01:03:10 IST" time="14.015" errors="0">
  <testcase name="newTask" time="14.015" classname="SDET.Maven_appiumProject.gTask"/>
</testsuite> <!-- SDET.Maven_appiumProject.gTask -->
