<?xml version="1.0" encoding="UTF-8"?>
<!-- Generated by org.testng.reporters.JUnitReportReporter -->
<testsuite skipped="0" hostname="DESKTOP-Q69Q77V" name="SDET.Maven_appiumProject.ChromeToDoList" tests="1" failures="0" timestamp="2020-10-12T16:41:17 IST" time="6.442" errors="0">
  <testcase name="toDoList" time="6.442" classname="SDET.Maven_appiumProject.ChromeToDoList"/>
</testsuite> <!-- SDET.Maven_appiumProject.ChromeToDoList -->
