<?xml version="1.0" encoding="UTF-8"?>
<!-- Generated by org.testng.reporters.JUnitReportReporter -->
<testsuite skipped="0" hostname="DESKTOP-Q69Q77V" name="SDET.Maven_appiumProject.gNote" tests="1" failures="0" timestamp="2020-10-08T00:58:02 IST" time="6.659" errors="0">
  <testcase name="newNote" time="6.659" classname="SDET.Maven_appiumProject.gNote"/>
</testsuite> <!-- SDET.Maven_appiumProject.gNote -->
