<?xml version="1.0" encoding="UTF-8"?>
<!-- Generated by org.testng.reporters.JUnitReportReporter -->
<testsuite skipped="0" hostname="DESKTOP-Q69Q77V" name="SDET.Maven_appiumProject.Activity1_Web" tests="1" failures="0" timestamp="2020-10-06T11:07:23 IST" time="8.067" errors="0">
  <testcase name="testSearchAppium" time="8.067" classname="SDET.Maven_appiumProject.Activity1_Web"/>
</testsuite> <!-- SDET.Maven_appiumProject.Activity1_Web -->
